2025-07-23 14:48:39,436 - INFO - 线程04952: 已连接到服务器 10.16.29.146:5132
2025-07-23 14:48:39,455 - INFO - visible图像发送成功: 04952.jpg
2025-07-23 14:48:39,456 - INFO - 线程04902: 已连接到服务器 10.16.29.146:5132
2025-07-23 14:48:39,466 - INFO - thermal图像发送成功: 04952.jpg
2025-07-23 14:48:39,472 - INFO - visible图像发送成功: 04902.jpg
2025-07-23 14:48:39,482 - INFO - thermal图像发送成功: 04902.jpg
2025-07-23 14:48:47,885 - INFO - 线程04902: 推理结果已保存: ../results_thread\04902_ir.jpg
2025-07-23 14:48:47,898 - INFO - 线程04902: 推理结果已保存: ../results_thread\04902_vis.jpg
2025-07-23 14:48:47,899 - INFO - 线程04902: 图像对发送完成
2025-07-23 14:48:48,019 - INFO - 线程04952: 推理结果已保存: ../results_thread\04952_ir.jpg
2025-07-23 14:48:48,035 - INFO - 线程04952: 推理结果已保存: ../results_thread\04952_vis.jpg
2025-07-23 14:48:48,035 - INFO - 线程04952: 图像对发送完成
2025-07-23 14:49:08,234 - INFO - 线程05249: 已连接到服务器 10.16.29.146:5132
2025-07-23 14:49:08,235 - INFO - 线程05392: 已连接到服务器 10.16.29.146:5132
2025-07-23 14:49:08,252 - INFO - 线程05100: 已连接到服务器 10.16.29.146:5132
2025-07-23 14:49:08,256 - INFO - visible图像发送成功: 05392.jpg
2025-07-23 14:49:08,256 - INFO - visible图像发送成功: 05249.jpg
2025-07-23 14:49:08,272 - INFO - thermal图像发送成功: 05392.jpg
2025-07-23 14:49:08,273 - INFO - visible图像发送成功: 05100.jpg
2025-07-23 14:49:08,273 - INFO - thermal图像发送成功: 05249.jpg
2025-07-23 14:49:08,284 - INFO - thermal图像发送成功: 05100.jpg
2025-07-23 14:49:18,224 - INFO - 线程05100: 推理结果已保存: ../results_thread\05100_ir.jpg
2025-07-23 14:49:18,250 - INFO - 线程05100: 推理结果已保存: ../results_thread\05100_vis.jpg
2025-07-23 14:49:18,251 - INFO - 线程05100: 图像对发送完成
2025-07-23 14:49:28,450 - INFO - 线程05249: 推理结果已保存: ../results_thread\05249_ir.jpg
2025-07-23 14:49:28,475 - INFO - 线程05249: 推理结果已保存: ../results_thread\05249_vis.jpg
2025-07-23 14:49:28,476 - INFO - 线程05249: 图像对发送完成
2025-07-23 14:49:28,564 - INFO - 线程05392: 推理结果已保存: ../results_thread\05392_ir.jpg
2025-07-23 14:49:28,592 - INFO - 线程05392: 推理结果已保存: ../results_thread\05392_vis.jpg
2025-07-23 14:49:28,592 - INFO - 线程05392: 图像对发送完成
